{
  "RSpec": {
    "coverage": {
      "/home/barun/Downloads/Project-Manager/spec/controllers/features_spec.rb": {
        "lines": [
          null,
          null,
          1,
          null,
          1,
          1,
          2,
          2,
          2,
          1,
          1,
          1,
          null,
          null,
          null
        ]
      },
      "/home/barun/Downloads/Project-Manager/spec/rails_helper.rb": {
        "lines": [
          null,
          null,
          null,
          1,
          1,
          1,
          null,
          1,
          1,
          1,
          2,
          null,
          null,
          null,
          null,
          null,
          null,
          null,
          null,
          null,
          null,
          null,
          null,
          null,
          null,
          null,
          null,
          null,
          null,
          null,
          null,
          1,
          null,
          0,
          0,
          null,
          1,
          null,
          1,
          null,
          null,
          null,
          null,
          1,
          null,
          null,
          null,
          null,
          null,
          null,
          null,
          null,
          null,
          null,
          null,
          null,
          null,
          null,
          null,
          null,
          null,
          1,
          null,
          null,
          1,
          null,
          null,
          null,
          1
        ]
      },
      "/home/barun/Downloads/Project-Manager/config/environment.rb": {
        "lines": [
          null,
          null,
          null,
          1,
          1,
          1,
          null,
          null,
          1
        ]
      },
      "/home/barun/Downloads/Project-Manager/config/application.rb": {
        "lines": [
          null,
          null,
          null,
          null,
          1,
          1,
          null,
          null,
          1,
          null,
          1,
          null,
          1,
          null,
          1,
          null,
          null,
          null,
          null,
          null,
          null,
          null
        ]
      },
      "/home/barun/Downloads/Project-Manager/config/boot.rb": {
        "lines": [
          null,
          null,
          1,
          null,
          1,
          1
        ]
      },
      "/home/barun/Downloads/Project-Manager/config/oauth_environment_variables.rb": {
        "lines": [
          null,
          null,
          1,
          1,
          1
        ]
      },
      "/home/barun/Downloads/Project-Manager/config/environments/test.rb": {
        "lines": [
          null,
          null,
          1,
          null,
          null,
          null,
          null,
          null,
          null,
          1,
          null,
          null,
          null,
          null,
          1,
          null,
          null,
          1,
          1,
          null,
          null,
          null,
          null,
          1,
          1,
          null,
          null,
          1,
          null,
          null,
          1,
          null,
          null,
          1,
          null,
          1,
          null,
          null,
          null,
          null,
          1,
          null,
          null,
          1,
          null,
          null,
          null,
          null
        ]
      },
      "/home/barun/Downloads/Project-Manager/config/initializers/application_controller_renderer.rb": {
        "lines": [
          null,
          null,
          null,
          null,
          null,
          null,
          null,
          null,
          null
        ]
      },
      "/home/barun/Downloads/Project-Manager/config/initializers/assets.rb": {
        "lines": [
          null,
          null,
          null,
          null,
          null,
          1,
          1,
          1,
          1,
          1,
          null,
          null,
          null,
          1,
          null,
          null,
          null,
          null,
          null
        ]
      },
      "/home/barun/Downloads/Project-Manager/config/initializers/backtrace_silencers.rb": {
        "lines": [
          null,
          null,
          null,
          null,
          null,
          null,
          null,
          null
        ]
      },
      "/home/barun/Downloads/Project-Manager/config/initializers/client_side_validations.rb": {
        "lines": [
          null,
          null,
          null,
          null,
          null,
          null,
          null,
          null,
          null,
          null,
          null,
          null,
          null,
          null,
          null,
          1,
          78,
          39,
          null,
          39,
          null,
          null
        ]
      },
      "/home/barun/Downloads/Project-Manager/config/initializers/content_security_policy.rb": {
        "lines": [
          null,
          null,
          null,
          null,
          null,
          null,
          null,
          null,
          null,
          null,
          null,
          null,
          null,
          null,
          null,
          null,
          null,
          null,
          null,
          null,
          null,
          null,
          null,
          null,
          null,
          null
        ]
      },
      "/home/barun/Downloads/Project-Manager/config/initializers/cookies_serializer.rb": {
        "lines": [
          null,
          null,
          null,
          null,
          null,
          null,
          1
        ]
      },
      "/home/barun/Downloads/Project-Manager/config/initializers/filter_parameter_logging.rb": {
        "lines": [
          null,
          null,
          null,
          null,
          null,
          1
        ]
      },
      "/home/barun/Downloads/Project-Manager/config/initializers/inflections.rb": {
        "lines": [
          null,
          null,
          null,
          null,
          null,
          null,
          null,
          null,
          null,
          null,
          null,
          null,
          null,
          null,
          null,
          null,
          null
        ]
      },
      "/home/barun/Downloads/Project-Manager/config/initializers/mime_types.rb": {
        "lines": [
          null,
          null,
          null,
          null,
          null
        ]
      },
      "/home/barun/Downloads/Project-Manager/config/initializers/notifications.rb": {
        "lines": [
          null,
          null,
          null,
          1,
          null,
          null,
          null,
          null,
          null,
          null,
          null,
          null,
          null,
          null,
          null,
          null,
          null,
          null,
          null,
          null,
          null,
          null,
          null,
          null
        ]
      },
      "/home/barun/Downloads/Project-Manager/config/initializers/omniauth_graph.rb": {
        "lines": [
          null,
          null,
          1,
          null,
          1,
          1,
          null,
          null,
          null,
          null
        ]
      },
      "/home/barun/Downloads/Project-Manager/lib/microsoft_graph_auth.rb": {
        "lines": [
          null,
          null,
          1,
          null,
          1,
          1,
          null,
          null,
          1,
          1,
          null,
          1,
          null,
          null,
          1,
          null,
          null,
          null,
          null,
          null,
          1,
          null,
          null,
          1,
          null,
          null,
          1,
          null,
          0,
          null,
          null,
          null,
          1,
          null,
          0,
          null,
          null,
          1,
          0,
          0,
          0,
          null,
          null,
          null,
          null,
          null,
          null,
          null,
          1,
          0,
          null,
          null,
          null,
          null
        ]
      },
      "/home/barun/Downloads/Project-Manager/config/initializers/session_store.rb": {
        "lines": [
          null,
          null,
          1
        ]
      },
      "/home/barun/Downloads/Project-Manager/config/initializers/wrap_parameters.rb": {
        "lines": [
          null,
          null,
          null,
          null,
          null,
          null,
          null,
          null,
          1,
          2,
          null,
          null,
          null,
          null,
          null,
          null
        ]
      },
      "/home/barun/Downloads/Project-Manager/spec/factories/comments.rb": {
        "lines": [
          null,
          null,
          1,
          1,
          3,
          null,
          null
        ]
      },
      "/home/barun/Downloads/Project-Manager/app/models/comment.rb": {
        "lines": [
          null,
          null,
          null,
          1,
          1,
          1,
          null,
          1,
          null,
          1,
          null,
          1,
          1,
          0,
          null,
          null,
          null,
          null
        ]
      },
      "/home/barun/Downloads/Project-Manager/app/models/application_record.rb": {
        "lines": [
          null,
          null,
          null,
          1,
          1,
          null
        ]
      },
      "/home/barun/Downloads/Project-Manager/spec/factories/features.rb": {
        "lines": [
          null,
          null,
          1,
          1,
          17,
          17,
          17,
          17,
          17,
          null,
          null
        ]
      },
      "/home/barun/Downloads/Project-Manager/app/models/feature.rb": {
        "lines": [
          null,
          null,
          null,
          1,
          1,
          1,
          1,
          1,
          1,
          1,
          null,
          1,
          1,
          1,
          1,
          null,
          1,
          null,
          1,
          1,
          0,
          null,
          null,
          null
        ]
      },
      "/home/barun/Downloads/Project-Manager/spec/factories/projects.rb": {
        "lines": [
          null,
          null,
          1,
          1,
          22,
          null,
          null
        ]
      },
      "/home/barun/Downloads/Project-Manager/app/models/project.rb": {
        "lines": [
          null,
          null,
          1,
          1,
          1,
          null,
          1,
          null
        ]
      },
      "/home/barun/Downloads/Project-Manager/spec/factories/tasks.rb": {
        "lines": [
          null,
          null,
          1,
          1,
          6,
          6,
          null,
          null
        ]
      },
      "/home/barun/Downloads/Project-Manager/app/models/task.rb": {
        "lines": [
          null,
          null,
          1,
          1,
          null,
          1,
          null,
          7,
          null
        ]
      },
      "/home/barun/Downloads/Project-Manager/spec/factories/users.rb": {
        "lines": [
          null,
          null,
          1,
          1,
          32,
          32,
          32,
          null,
          null
        ]
      },
      "/home/barun/Downloads/Project-Manager/app/models/user.rb": {
        "lines": [
          null,
          null,
          null,
          1,
          1,
          1,
          1,
          1,
          null,
          1,
          1,
          1,
          null,
          null,
          null
        ]
      },
      "/home/barun/Downloads/Project-Manager/config/routes.rb": {
        "lines": [
          null,
          null,
          1,
          1,
          null,
          1,
          1,
          1,
          1,
          1,
          1,
          1,
          1,
          null,
          1,
          1,
          null
        ]
      },
      "/home/barun/Downloads/Project-Manager/app/helpers/application_helper.rb": {
        "lines": [
          null,
          null,
          null,
          1,
          null
        ]
      },
      "/home/barun/Downloads/Project-Manager/app/helpers/auth_helper.rb": {
        "lines": [
          null,
          null,
          null,
          1,
          null
        ]
      },
      "/home/barun/Downloads/Project-Manager/app/helpers/comments_helper.rb": {
        "lines": [
          null,
          null,
          null,
          1,
          null
        ]
      },
      "/home/barun/Downloads/Project-Manager/app/helpers/features_helper.rb": {
        "lines": [
          null,
          null,
          null,
          1,
          null
        ]
      },
      "/home/barun/Downloads/Project-Manager/app/helpers/projects_helper.rb": {
        "lines": [
          null,
          null,
          null,
          1,
          null
        ]
      },
      "/home/barun/Downloads/Project-Manager/app/helpers/sessions_helper.rb": {
        "lines": [
          null,
          null,
          null,
          1,
          1,
          12,
          null,
          null,
          1,
          102,
          null,
          null,
          1,
          37,
          null,
          null,
          1,
          1,
          1,
          null,
          null
        ]
      },
      "/home/barun/Downloads/Project-Manager/app/helpers/tasks_helper.rb": {
        "lines": [
          null,
          null,
          null,
          1,
          null
        ]
      },
      "/home/barun/Downloads/Project-Manager/app/helpers/users_helper.rb": {
        "lines": [
          null,
          null,
          null,
          1,
          null
        ]
      },
      "/home/barun/Downloads/Project-Manager/spec/support/factory_bot.rb": {
        "lines": [
          null,
          null,
          1,
          1,
          null
        ]
      },
      "/home/barun/Downloads/Project-Manager/app/controllers/features_controller.rb": {
        "lines": [
          null,
          null,
          null,
          1,
          1,
          1,
          1,
          null,
          1,
          2,
          null,
          null,
          1,
          2,
          2,
          2,
          2,
          1,
          null,
          1,
          null,
          null,
          null,
          1,
          6,
          6,
          6,
          6,
          6,
          null,
          null,
          1,
          null,
          1,
          2,
          2,
          null,
          2,
          2,
          1,
          1,
          null,
          1,
          null,
          null,
          null,
          1,
          1,
          1,
          null,
          null,
          1,
          null,
          1,
          4,
          null,
          null,
          1,
          11,
          null,
          null,
          1,
          15,
          null,
          null,
          1,
          8,
          null,
          null,
          1,
          1,
          0,
          0,
          null,
          null,
          null,
          null
        ]
      },
      "/home/barun/Downloads/Project-Manager/app/controllers/application_controller.rb": {
        "lines": [
          null,
          null,
          null,
          1,
          1,
          null
        ]
      },
      "/home/barun/Downloads/Project-Manager/spec/controllers/projects_spec.rb": {
        "lines": [
          null,
          null,
          1,
          null,
          1,
          3,
          2,
          1,
          2,
          null,
          1,
          1,
          1,
          1,
          null,
          null,
          1,
          1,
          1,
          1,
          null,
          null,
          null
        ]
      },
      "/home/barun/Downloads/Project-Manager/app/controllers/projects_controller.rb": {
        "lines": [
          null,
          null,
          null,
          1,
          1,
          1,
          1,
          1,
          15,
          null,
          null,
          1,
          11,
          0,
          null,
          null,
          null,
          null,
          1,
          3,
          null,
          null,
          1,
          3,
          3,
          3,
          2,
          null,
          1,
          null,
          null,
          null,
          1,
          null,
          1,
          2,
          1,
          null,
          1,
          null,
          null,
          null,
          1,
          1,
          1,
          null,
          null,
          1,
          null,
          1,
          5,
          null,
          null,
          1,
          37,
          null,
          null,
          1,
          16,
          null,
          null
        ]
      },
      "/home/barun/Downloads/Project-Manager/spec/controllers/sessions_spec.rb": {
        "lines": [
          null,
          null,
          1,
          null,
          1,
          1,
          1,
          1,
          1,
          null,
          null,
          null
        ]
      },
      "/home/barun/Downloads/Project-Manager/app/controllers/sessions_controller.rb": {
        "lines": [
          null,
          null,
          1,
          null,
          null,
          1,
          1,
          null,
          1,
          13,
          0,
          0,
          0,
          0,
          0,
          0,
          0,
          0,
          null,
          0,
          null,
          0,
          0,
          null,
          13,
          13,
          12,
          12,
          null,
          1,
          1,
          null,
          null,
          null,
          null,
          1,
          1,
          1,
          null,
          null,
          1,
          13,
          null,
          null
        ]
      },
      "/home/barun/Downloads/Project-Manager/spec/controllers/users_spec.rb": {
        "lines": [
          null,
          null,
          1,
          null,
          1,
          1,
          1,
          1,
          1,
          1,
          null,
          null,
          null,
          1,
          1,
          1,
          1,
          null,
          null,
          null
        ]
      },
      "/home/barun/Downloads/Project-Manager/app/controllers/users_controller.rb": {
        "lines": [
          null,
          null,
          null,
          1,
          1,
          null,
          1,
          5,
          null,
          null,
          1,
          4,
          4,
          1,
          null,
          3,
          null,
          null,
          null,
          1,
          null,
          1,
          4,
          null,
          null
        ]
      },
      "/home/barun/Downloads/Project-Manager/spec/features/features_spec.rb": {
        "lines": [
          null,
          null,
          1,
          null,
          1,
          6,
          6,
          1,
          5,
          5,
          5,
          5,
          5,
          null,
          5,
          null,
          1,
          1,
          2,
          2,
          2,
          2,
          null,
          1,
          1,
          1,
          1,
          1,
          null,
          1,
          1,
          1,
          1,
          1,
          1,
          null,
          null,
          6,
          1,
          5,
          5,
          null,
          1,
          1,
          2,
          null,
          1,
          1,
          1,
          1,
          1,
          null,
          1,
          1,
          1,
          1,
          1,
          1,
          null,
          null,
          null,
          1,
          1,
          1,
          1,
          null,
          1,
          null,
          null,
          null
        ]
      },
      "/home/barun/Downloads/Project-Manager/spec/features/projects_spec.rb": {
        "lines": [
          null,
          null,
          1,
          null,
          1,
          6,
          1,
          5,
          5,
          5,
          5,
          5,
          null,
          5,
          null,
          1,
          1,
          2,
          null,
          1,
          1,
          1,
          1,
          null,
          1,
          1,
          1,
          1,
          null,
          null,
          3,
          null,
          1,
          1,
          1,
          1,
          1,
          null,
          1,
          1,
          null,
          1,
          1,
          1,
          1,
          null,
          1,
          1,
          null,
          null,
          null,
          1,
          1,
          1,
          1,
          1,
          null,
          1,
          1,
          1,
          null,
          1,
          null,
          null,
          null
        ]
      },
      "/home/barun/Downloads/Project-Manager/spec/features/sessions_spec.rb": {
        "lines": [
          null,
          null,
          1,
          null,
          1,
          3,
          1,
          1,
          2,
          null,
          1,
          1,
          1,
          1,
          null,
          1,
          1,
          null,
          1,
          1,
          1,
          1,
          null,
          1,
          1,
          null,
          null,
          1,
          1,
          1,
          1,
          1,
          1,
          null,
          1,
          1,
          1,
          1,
          null,
          null,
          null
        ]
      },
      "/home/barun/Downloads/Project-Manager/spec/features/users_spec.rb": {
        "lines": [
          null,
          null,
          null,
          null,
          1,
          null,
          1,
          1,
          1,
          4,
          4,
          4,
          4,
          4,
          null,
          null,
          null,
          1,
          1,
          1,
          null,
          null,
          1,
          1,
          1,
          1,
          null,
          null,
          1,
          1,
          1,
          1,
          null,
          null,
          1,
          1,
          1,
          1,
          null,
          null,
          null
        ]
      },
      "/home/barun/Downloads/Project-Manager/spec/models/comment_spec.rb": {
        "lines": [
          null,
          null,
          1,
          null,
          1,
          1,
          3,
          3,
          3,
          1,
          3,
          1,
          1,
          1,
          null,
          1,
          1,
          null,
          null,
          null
        ]
      },
      "/home/barun/Downloads/Project-Manager/spec/models/feature_spec.rb": {
        "lines": [
          null,
          null,
          1,
          null,
          1,
          1,
          6,
          6,
          6,
          1,
          1,
          1,
          null,
          1,
          1,
          1,
          null,
          1,
          1,
          1,
          null,
          1,
          1,
          1,
          null,
          1,
          1,
          null,
          null,
          null
        ]
      },
      "/home/barun/Downloads/Project-Manager/spec/models/project_spec.rb": {
        "lines": [
          null,
          null,
          1,
          1,
          1,
          3,
          null,
          3,
          1,
          1,
          1,
          null,
          1,
          1,
          null,
          null,
          null
        ]
      },
      "/home/barun/Downloads/Project-Manager/spec/models/task_spec.rb": {
        "lines": [
          null,
          null,
          1,
          null,
          1,
          4,
          4,
          4,
          1,
          3,
          1,
          1,
          1,
          null,
          1,
          1,
          null,
          null,
          1,
          2,
          1,
          3,
          null,
          null,
          1,
          1,
          null,
          null,
          null
        ]
      },
      "/home/barun/Downloads/Project-Manager/spec/models/user_spec.rb": {
        "lines": [
          null,
          null,
          1,
          null,
          1,
          1,
          5,
          1,
          1,
          1,
          null,
          1,
          1,
          1,
          null,
          1,
          1,
          1,
          null,
          1,
          1,
          null,
          null,
          null
        ]
      },
      "/home/barun/Downloads/Project-Manager/app/models/notification.rb": {
        "lines": [
          null,
          null,
          null,
          1,
          1,
          null,
          null,
          null
        ]
      }
    },
    "timestamp": 1619413743
  }
}
